[18-Aug-2025 12:49:23 UTC] PHP Warning:  Failed loading Zend extension 'php_opcache.dll' (tried: C:/Users/jurge/AppData/Roaming/Local/lightning-services/php-8.2.27+1/bin/win64/ext\php_opcache.dll (Kan opgegeven procedure niet vinden), C:/Users/jurge/AppData/Roaming/Local/lightning-services/php-8.2.27+1/bin/win64/ext\php_php_opcache.dll.dll (Kan opgegeven module niet vinden)) in Unknown on line 0
[18-Aug-2025 12:49:23 UTC] PHP Warning:  PHP Startup: curl: Unable to initialize module
Module compiled with module API=20220829
PHP    compiled with module API=20240924
These options need to match
 in Unknown on line 0
[18-Aug-2025 12:49:23 UTC] PHP Warning:  PHP Startup: gettext: Unable to initialize module
Module compiled with module API=20220829
PHP    compiled with module API=20240924
These options need to match
 in Unknown on line 0
[18-Aug-2025 12:49:23 UTC] PHP Warning:  PHP Startup: Unable to load dynamic library 'php_openssl.dll' (tried: C:/Users/jurge/AppData/Roaming/Local/lightning-services/php-8.2.27+1/bin/win64/ext\php_openssl.dll (Kan opgegeven procedure niet vinden), C:/Users/jurge/AppData/Roaming/Local/lightning-services/php-8.2.27+1/bin/win64/ext\php_php_openssl.dll.dll (Kan opgegeven module niet vinden)) in Unknown on line 0
[18-Aug-2025 12:49:23 UTC] PHP Warning:  PHP Startup: exif: Unable to initialize module
Module compiled with module API=20220829
PHP    compiled with module API=20240924
These options need to match
 in Unknown on line 0
[18-Aug-2025 12:49:23 UTC] PHP Warning:  PHP Startup: gd: Unable to initialize module
Module compiled with module API=20220829
PHP    compiled with module API=20240924
These options need to match
 in Unknown on line 0
[18-Aug-2025 12:49:23 UTC] PHP Warning:  PHP Startup: ftp: Unable to initialize module
Module compiled with module API=20220829
PHP    compiled with module API=20240924
These options need to match
 in Unknown on line 0
[18-Aug-2025 12:49:23 UTC] PHP Warning:  PHP Startup: FFI: Unable to initialize module
Module compiled with module API=20220829
PHP    compiled with module API=20240924
These options need to match
 in Unknown on line 0
[18-Aug-2025 12:49:23 UTC] PHP Warning:  PHP Startup: imap: Unable to initialize module
Module compiled with module API=20220829
PHP    compiled with module API=20240924
These options need to match
 in Unknown on line 0
[18-Aug-2025 12:49:23 UTC] PHP Warning:  PHP Startup: bz2: Unable to initialize module
Module compiled with module API=20220829
PHP    compiled with module API=20240924
These options need to match
 in Unknown on line 0
[18-Aug-2025 12:49:23 UTC] PHP Warning:  PHP Startup: mbstring: Unable to initialize module
Module compiled with module API=20220829
PHP    compiled with module API=20240924
These options need to match
 in Unknown on line 0
[18-Aug-2025 12:49:23 UTC] PHP Warning:  PHP Startup: sodium: Unable to initialize module
Module compiled with module API=20220829
PHP    compiled with module API=20240924
These options need to match
 in Unknown on line 0
[18-Aug-2025 12:49:23 UTC] PHP Warning:  PHP Startup: tidy: Unable to initialize module
Module compiled with module API=20220829
PHP    compiled with module API=20240924
These options need to match
 in Unknown on line 0
[18-Aug-2025 12:49:23 UTC] PHP Warning:  PHP Startup: xsl: Unable to initialize module
Module compiled with module API=20220829
PHP    compiled with module API=20240924
These options need to match
 in Unknown on line 0
[18-Aug-2025 12:49:23 UTC] PHP Warning:  PHP Startup: Unable to load dynamic library 'php_soap.dll' (tried: C:/Users/jurge/AppData/Roaming/Local/lightning-services/php-8.2.27+1/bin/win64/ext\php_soap.dll (Kan opgegeven procedure niet vinden), C:/Users/jurge/AppData/Roaming/Local/lightning-services/php-8.2.27+1/bin/win64/ext\php_php_soap.dll.dll (Kan opgegeven module niet vinden)) in Unknown on line 0
[18-Aug-2025 12:49:23 UTC] PHP Warning:  PHP Startup: mysqli: Unable to initialize module
Module compiled with module API=20220829
PHP    compiled with module API=20240924
These options need to match
 in Unknown on line 0
[18-Aug-2025 12:49:23 UTC] PHP Warning:  PHP Startup: pdo_mysql: Unable to initialize module
Module compiled with module API=20220829
PHP    compiled with module API=20240924
These options need to match
 in Unknown on line 0
[18-Aug-2025 12:49:23 UTC] PHP Warning:  PHP Startup: fileinfo: Unable to initialize module
Module compiled with module API=20220829
PHP    compiled with module API=20240924
These options need to match
 in Unknown on line 0
[18-Aug-2025 12:49:23 UTC] PHP Warning:  PHP Startup: pdo_sqlite: Unable to initialize module
Module compiled with module API=20220829
PHP    compiled with module API=20240924
These options need to match
 in Unknown on line 0
[18-Aug-2025 12:49:23 UTC] PHP Warning:  PHP Startup: sqlite3: Unable to initialize module
Module compiled with module API=20220829
PHP    compiled with module API=20240924
These options need to match
 in Unknown on line 0
[18-Aug-2025 12:49:23 UTC] PHP Warning:  PHP Startup: zip: Unable to initialize module
Module compiled with module API=20220829
PHP    compiled with module API=20240924
These options need to match
 in Unknown on line 0
[18-Aug-2025 12:49:23 UTC] PHP Warning:  PHP Startup: imagick: Unable to initialize module
Module compiled with module API=20220829
PHP    compiled with module API=20240924
These options need to match
 in Unknown on line 0
[18-Aug-2025 12:49:23 UTC] PHP Warning:  PHP Startup: Unable to load dynamic library 'php_intl.dll' (tried: C:/Users/jurge/AppData/Roaming/Local/lightning-services/php-8.2.27+1/bin/win64/ext\php_intl.dll (Kan opgegeven module niet vinden), C:/Users/jurge/AppData/Roaming/Local/lightning-services/php-8.2.27+1/bin/win64/ext\php_php_intl.dll.dll (Kan opgegeven module niet vinden)) in Unknown on line 0
[18-Aug-2025 12:49:24 UTC] PHP Warning:  Failed loading Zend extension 'php_opcache.dll' (tried: C:/Users/jurge/AppData/Roaming/Local/lightning-services/php-8.2.27+1/bin/win64/ext\php_opcache.dll (Kan opgegeven procedure niet vinden), C:/Users/jurge/AppData/Roaming/Local/lightning-services/php-8.2.27+1/bin/win64/ext\php_php_opcache.dll.dll (Kan opgegeven module niet vinden)) in Unknown on line 0
[18-Aug-2025 12:49:24 UTC] PHP Warning:  PHP Startup: curl: Unable to initialize module
Module compiled with module API=20220829
PHP    compiled with module API=20240924
These options need to match
 in Unknown on line 0
[18-Aug-2025 12:49:24 UTC] PHP Warning:  PHP Startup: gettext: Unable to initialize module
Module compiled with module API=20220829
PHP    compiled with module API=20240924
These options need to match
 in Unknown on line 0
[18-Aug-2025 12:49:24 UTC] PHP Warning:  PHP Startup: Unable to load dynamic library 'php_openssl.dll' (tried: C:/Users/jurge/AppData/Roaming/Local/lightning-services/php-8.2.27+1/bin/win64/ext\php_openssl.dll (Kan opgegeven procedure niet vinden), C:/Users/jurge/AppData/Roaming/Local/lightning-services/php-8.2.27+1/bin/win64/ext\php_php_openssl.dll.dll (Kan opgegeven module niet vinden)) in Unknown on line 0
[18-Aug-2025 12:49:24 UTC] PHP Warning:  PHP Startup: exif: Unable to initialize module
Module compiled with module API=20220829
PHP    compiled with module API=20240924
These options need to match
 in Unknown on line 0
[18-Aug-2025 12:49:24 UTC] PHP Warning:  PHP Startup: gd: Unable to initialize module
Module compiled with module API=20220829
PHP    compiled with module API=20240924
These options need to match
 in Unknown on line 0
[18-Aug-2025 12:49:24 UTC] PHP Warning:  PHP Startup: ftp: Unable to initialize module
Module compiled with module API=20220829
PHP    compiled with module API=20240924
These options need to match
 in Unknown on line 0
[18-Aug-2025 12:49:24 UTC] PHP Warning:  PHP Startup: FFI: Unable to initialize module
Module compiled with module API=20220829
PHP    compiled with module API=20240924
These options need to match
 in Unknown on line 0
[18-Aug-2025 12:49:24 UTC] PHP Warning:  PHP Startup: imap: Unable to initialize module
Module compiled with module API=20220829
PHP    compiled with module API=20240924
These options need to match
 in Unknown on line 0
[18-Aug-2025 12:49:24 UTC] PHP Warning:  PHP Startup: bz2: Unable to initialize module
Module compiled with module API=20220829
PHP    compiled with module API=20240924
These options need to match
 in Unknown on line 0
[18-Aug-2025 12:49:24 UTC] PHP Warning:  PHP Startup: mbstring: Unable to initialize module
Module compiled with module API=20220829
PHP    compiled with module API=20240924
These options need to match
 in Unknown on line 0
[18-Aug-2025 12:49:24 UTC] PHP Warning:  PHP Startup: sodium: Unable to initialize module
Module compiled with module API=20220829
PHP    compiled with module API=20240924
These options need to match
 in Unknown on line 0
[18-Aug-2025 12:49:24 UTC] PHP Warning:  PHP Startup: tidy: Unable to initialize module
Module compiled with module API=20220829
PHP    compiled with module API=20240924
These options need to match
 in Unknown on line 0
[18-Aug-2025 12:49:24 UTC] PHP Warning:  PHP Startup: xsl: Unable to initialize module
Module compiled with module API=20220829
PHP    compiled with module API=20240924
These options need to match
 in Unknown on line 0
[18-Aug-2025 12:49:24 UTC] PHP Warning:  PHP Startup: Unable to load dynamic library 'php_soap.dll' (tried: C:/Users/jurge/AppData/Roaming/Local/lightning-services/php-8.2.27+1/bin/win64/ext\php_soap.dll (Kan opgegeven procedure niet vinden), C:/Users/jurge/AppData/Roaming/Local/lightning-services/php-8.2.27+1/bin/win64/ext\php_php_soap.dll.dll (Kan opgegeven module niet vinden)) in Unknown on line 0
[18-Aug-2025 12:49:24 UTC] PHP Warning:  PHP Startup: mysqli: Unable to initialize module
Module compiled with module API=20220829
PHP    compiled with module API=20240924
These options need to match
 in Unknown on line 0
[18-Aug-2025 12:49:24 UTC] PHP Warning:  PHP Startup: pdo_mysql: Unable to initialize module
Module compiled with module API=20220829
PHP    compiled with module API=20240924
These options need to match
 in Unknown on line 0
[18-Aug-2025 12:49:24 UTC] PHP Warning:  PHP Startup: fileinfo: Unable to initialize module
Module compiled with module API=20220829
PHP    compiled with module API=20240924
These options need to match
 in Unknown on line 0
[18-Aug-2025 12:49:24 UTC] PHP Warning:  PHP Startup: pdo_sqlite: Unable to initialize module
Module compiled with module API=20220829
PHP    compiled with module API=20240924
These options need to match
 in Unknown on line 0
[18-Aug-2025 12:49:24 UTC] PHP Warning:  PHP Startup: sqlite3: Unable to initialize module
Module compiled with module API=20220829
PHP    compiled with module API=20240924
These options need to match
 in Unknown on line 0
[18-Aug-2025 12:49:24 UTC] PHP Warning:  PHP Startup: zip: Unable to initialize module
Module compiled with module API=20220829
PHP    compiled with module API=20240924
These options need to match
 in Unknown on line 0
[18-Aug-2025 12:49:24 UTC] PHP Warning:  PHP Startup: imagick: Unable to initialize module
Module compiled with module API=20220829
PHP    compiled with module API=20240924
These options need to match
 in Unknown on line 0
[18-Aug-2025 12:49:24 UTC] PHP Warning:  PHP Startup: Unable to load dynamic library 'php_intl.dll' (tried: C:/Users/jurge/AppData/Roaming/Local/lightning-services/php-8.2.27+1/bin/win64/ext\php_intl.dll (Kan opgegeven module niet vinden), C:/Users/jurge/AppData/Roaming/Local/lightning-services/php-8.2.27+1/bin/win64/ext\php_php_intl.dll.dll (Kan opgegeven module niet vinden)) in Unknown on line 0
[18-Aug-2025 12:51:47 UTC] PHP Warning:  Failed loading Zend extension 'php_opcache.dll' (tried: C:/Users/jurge/AppData/Roaming/Local/lightning-services/php-8.4.4+2/bin/win64/ext\php_opcache.dll (Kan opgegeven module niet vinden), C:/Users/jurge/AppData/Roaming/Local/lightning-services/php-8.4.4+2/bin/win64/ext\php_php_opcache.dll.dll (Kan opgegeven module niet vinden)) in Unknown on line 0
[18-Aug-2025 12:51:47 UTC] PHP Warning:  Failed loading Zend extension 'php_xdebug.dll' (tried: C:/Users/jurge/AppData/Roaming/Local/lightning-services/php-8.4.4+2/bin/win64/ext\php_xdebug.dll (Kan opgegeven module niet vinden), C:/Users/jurge/AppData/Roaming/Local/lightning-services/php-8.4.4+2/bin/win64/ext\php_php_xdebug.dll.dll (Kan opgegeven module niet vinden)) in Unknown on line 0
[18-Aug-2025 12:51:47 UTC] PHP Warning:  PHP Startup: Unable to load dynamic library 'php_curl.dll' (tried: C:/Users/jurge/AppData/Roaming/Local/lightning-services/php-8.4.4+2/bin/win64/ext\php_curl.dll (Kan opgegeven module niet vinden), C:/Users/jurge/AppData/Roaming/Local/lightning-services/php-8.4.4+2/bin/win64/ext\php_php_curl.dll.dll (Kan opgegeven module niet vinden)) in Unknown on line 0
[18-Aug-2025 12:51:47 UTC] PHP Warning:  PHP Startup: Unable to load dynamic library 'php_gettext.dll' (tried: C:/Users/jurge/AppData/Roaming/Local/lightning-services/php-8.4.4+2/bin/win64/ext\php_gettext.dll (Kan opgegeven module niet vinden), C:/Users/jurge/AppData/Roaming/Local/lightning-services/php-8.4.4+2/bin/win64/ext\php_php_gettext.dll.dll (Kan opgegeven module niet vinden)) in Unknown on line 0
[18-Aug-2025 12:51:47 UTC] PHP Warning:  PHP Startup: Unable to load dynamic library 'php_openssl.dll' (tried: C:/Users/jurge/AppData/Roaming/Local/lightning-services/php-8.4.4+2/bin/win64/ext\php_openssl.dll (Kan opgegeven module niet vinden), C:/Users/jurge/AppData/Roaming/Local/lightning-services/php-8.4.4+2/bin/win64/ext\php_php_openssl.dll.dll (Kan opgegeven module niet vinden)) in Unknown on line 0
[18-Aug-2025 12:51:47 UTC] PHP Warning:  PHP Startup: Unable to load dynamic library 'php_exif.dll' (tried: C:/Users/jurge/AppData/Roaming/Local/lightning-services/php-8.4.4+2/bin/win64/ext\php_exif.dll (Kan opgegeven module niet vinden), C:/Users/jurge/AppData/Roaming/Local/lightning-services/php-8.4.4+2/bin/win64/ext\php_php_exif.dll.dll (Kan opgegeven module niet vinden)) in Unknown on line 0
[18-Aug-2025 12:51:47 UTC] PHP Warning:  PHP Startup: Unable to load dynamic library 'php_gd.dll' (tried: C:/Users/jurge/AppData/Roaming/Local/lightning-services/php-8.4.4+2/bin/win64/ext\php_gd.dll (Kan opgegeven module niet vinden), C:/Users/jurge/AppData/Roaming/Local/lightning-services/php-8.4.4+2/bin/win64/ext\php_php_gd.dll.dll (Kan opgegeven module niet vinden)) in Unknown on line 0
[18-Aug-2025 12:51:47 UTC] PHP Warning:  PHP Startup: Unable to load dynamic library 'php_ftp.dll' (tried: C:/Users/jurge/AppData/Roaming/Local/lightning-services/php-8.4.4+2/bin/win64/ext\php_ftp.dll (Kan opgegeven module niet vinden), C:/Users/jurge/AppData/Roaming/Local/lightning-services/php-8.4.4+2/bin/win64/ext\php_php_ftp.dll.dll (Kan opgegeven module niet vinden)) in Unknown on line 0
[18-Aug-2025 12:51:47 UTC] PHP Warning:  PHP Startup: Unable to load dynamic library 'php_ffi.dll' (tried: C:/Users/jurge/AppData/Roaming/Local/lightning-services/php-8.4.4+2/bin/win64/ext\php_ffi.dll (Kan opgegeven module niet vinden), C:/Users/jurge/AppData/Roaming/Local/lightning-services/php-8.4.4+2/bin/win64/ext\php_php_ffi.dll.dll (Kan opgegeven module niet vinden)) in Unknown on line 0
[18-Aug-2025 12:51:47 UTC] PHP Warning:  PHP Startup: Unable to load dynamic library 'php_bz2.dll' (tried: C:/Users/jurge/AppData/Roaming/Local/lightning-services/php-8.4.4+2/bin/win64/ext\php_bz2.dll (Kan opgegeven module niet vinden), C:/Users/jurge/AppData/Roaming/Local/lightning-services/php-8.4.4+2/bin/win64/ext\php_php_bz2.dll.dll (Kan opgegeven module niet vinden)) in Unknown on line 0
[18-Aug-2025 12:51:47 UTC] PHP Warning:  PHP Startup: Unable to load dynamic library 'php_mbstring.dll' (tried: C:/Users/jurge/AppData/Roaming/Local/lightning-services/php-8.4.4+2/bin/win64/ext\php_mbstring.dll (Kan opgegeven module niet vinden), C:/Users/jurge/AppData/Roaming/Local/lightning-services/php-8.4.4+2/bin/win64/ext\php_php_mbstring.dll.dll (Kan opgegeven module niet vinden)) in Unknown on line 0
[18-Aug-2025 12:51:47 UTC] PHP Warning:  PHP Startup: Unable to load dynamic library 'php_sodium.dll' (tried: C:/Users/jurge/AppData/Roaming/Local/lightning-services/php-8.4.4+2/bin/win64/ext\php_sodium.dll (Kan opgegeven module niet vinden), C:/Users/jurge/AppData/Roaming/Local/lightning-services/php-8.4.4+2/bin/win64/ext\php_php_sodium.dll.dll (Kan opgegeven module niet vinden)) in Unknown on line 0
[18-Aug-2025 12:51:47 UTC] PHP Warning:  PHP Startup: Unable to load dynamic library 'php_tidy.dll' (tried: C:/Users/jurge/AppData/Roaming/Local/lightning-services/php-8.4.4+2/bin/win64/ext\php_tidy.dll (Kan opgegeven module niet vinden), C:/Users/jurge/AppData/Roaming/Local/lightning-services/php-8.4.4+2/bin/win64/ext\php_php_tidy.dll.dll (Kan opgegeven module niet vinden)) in Unknown on line 0
[18-Aug-2025 12:51:47 UTC] PHP Warning:  PHP Startup: Unable to load dynamic library 'php_xsl.dll' (tried: C:/Users/jurge/AppData/Roaming/Local/lightning-services/php-8.4.4+2/bin/win64/ext\php_xsl.dll (Kan opgegeven module niet vinden), C:/Users/jurge/AppData/Roaming/Local/lightning-services/php-8.4.4+2/bin/win64/ext\php_php_xsl.dll.dll (Kan opgegeven module niet vinden)) in Unknown on line 0
[18-Aug-2025 12:51:47 UTC] PHP Warning:  PHP Startup: Unable to load dynamic library 'php_soap.dll' (tried: C:/Users/jurge/AppData/Roaming/Local/lightning-services/php-8.4.4+2/bin/win64/ext\php_soap.dll (Kan opgegeven module niet vinden), C:/Users/jurge/AppData/Roaming/Local/lightning-services/php-8.4.4+2/bin/win64/ext\php_php_soap.dll.dll (Kan opgegeven module niet vinden)) in Unknown on line 0
[18-Aug-2025 12:51:47 UTC] PHP Warning:  PHP Startup: Unable to load dynamic library 'php_mysqli.dll' (tried: C:/Users/jurge/AppData/Roaming/Local/lightning-services/php-8.4.4+2/bin/win64/ext\php_mysqli.dll (Kan opgegeven module niet vinden), C:/Users/jurge/AppData/Roaming/Local/lightning-services/php-8.4.4+2/bin/win64/ext\php_php_mysqli.dll.dll (Kan opgegeven module niet vinden)) in Unknown on line 0
[18-Aug-2025 12:51:47 UTC] PHP Warning:  PHP Startup: Unable to load dynamic library 'php_pdo_mysql.dll' (tried: C:/Users/jurge/AppData/Roaming/Local/lightning-services/php-8.4.4+2/bin/win64/ext\php_pdo_mysql.dll (Kan opgegeven module niet vinden), C:/Users/jurge/AppData/Roaming/Local/lightning-services/php-8.4.4+2/bin/win64/ext\php_php_pdo_mysql.dll.dll (Kan opgegeven module niet vinden)) in Unknown on line 0
[18-Aug-2025 12:51:47 UTC] PHP Warning:  PHP Startup: Unable to load dynamic library 'php_fileinfo.dll' (tried: C:/Users/jurge/AppData/Roaming/Local/lightning-services/php-8.4.4+2/bin/win64/ext\php_fileinfo.dll (Kan opgegeven module niet vinden), C:/Users/jurge/AppData/Roaming/Local/lightning-services/php-8.4.4+2/bin/win64/ext\php_php_fileinfo.dll.dll (Kan opgegeven module niet vinden)) in Unknown on line 0
[18-Aug-2025 12:51:47 UTC] PHP Warning:  PHP Startup: Unable to load dynamic library 'php_pdo_sqlite.dll' (tried: C:/Users/jurge/AppData/Roaming/Local/lightning-services/php-8.4.4+2/bin/win64/ext\php_pdo_sqlite.dll (Kan opgegeven module niet vinden), C:/Users/jurge/AppData/Roaming/Local/lightning-services/php-8.4.4+2/bin/win64/ext\php_php_pdo_sqlite.dll.dll (Kan opgegeven module niet vinden)) in Unknown on line 0
[18-Aug-2025 12:51:47 UTC] PHP Warning:  PHP Startup: Unable to load dynamic library 'php_sqlite3.dll' (tried: C:/Users/jurge/AppData/Roaming/Local/lightning-services/php-8.4.4+2/bin/win64/ext\php_sqlite3.dll (Kan opgegeven module niet vinden), C:/Users/jurge/AppData/Roaming/Local/lightning-services/php-8.4.4+2/bin/win64/ext\php_php_sqlite3.dll.dll (Kan opgegeven module niet vinden)) in Unknown on line 0
[18-Aug-2025 12:51:47 UTC] PHP Warning:  PHP Startup: Unable to load dynamic library 'php_zip.dll' (tried: C:/Users/jurge/AppData/Roaming/Local/lightning-services/php-8.4.4+2/bin/win64/ext\php_zip.dll (Kan opgegeven module niet vinden), C:/Users/jurge/AppData/Roaming/Local/lightning-services/php-8.4.4+2/bin/win64/ext\php_php_zip.dll.dll (Kan opgegeven module niet vinden)) in Unknown on line 0
[18-Aug-2025 12:51:47 UTC] PHP Warning:  PHP Startup: Unable to load dynamic library 'php_imagick.dll' (tried: C:/Users/jurge/AppData/Roaming/Local/lightning-services/php-8.4.4+2/bin/win64/ext\php_imagick.dll (Kan opgegeven module niet vinden), C:/Users/jurge/AppData/Roaming/Local/lightning-services/php-8.4.4+2/bin/win64/ext\php_php_imagick.dll.dll (Kan opgegeven module niet vinden)) in Unknown on line 0
[18-Aug-2025 12:51:47 UTC] PHP Warning:  PHP Startup: Unable to load dynamic library 'php_intl.dll' (tried: C:/Users/jurge/AppData/Roaming/Local/lightning-services/php-8.4.4+2/bin/win64/ext\php_intl.dll (Kan opgegeven module niet vinden), C:/Users/jurge/AppData/Roaming/Local/lightning-services/php-8.4.4+2/bin/win64/ext\php_php_intl.dll.dll (Kan opgegeven module niet vinden)) in Unknown on line 0
[18-Aug-2025 13:44:38 UTC] Cron reschedule event fout voor hook: litespeed_task_imgoptm_pull, foutcode: invalid_schedule, foutmelding: Gebeurtenis schema bestaat niet., gegevens: {"schedule":"litespeed_filter","args":[],"interval":60}
[18-Aug-2025 13:44:38 UTC] Cron reschedule event fout voor hook: litespeed_task_lqip, foutcode: invalid_schedule, foutmelding: Gebeurtenis schema bestaat niet., gegevens: {"schedule":"litespeed_filter","args":[],"interval":60}
[18-Aug-2025 13:49:58 UTC] {"data":null,"error":"Empty domain","success":false}
[18-Aug-2025 15:06:58 UTC] PHP Warning:  Undefined property: WP_Ajax_Upgrader_Skin::$api in D:\Website TTCW\app\public\wp-admin\includes\class-theme-upgrader.php on line 160
[18-Aug-2025 15:07:56 UTC] PHP Warning:  Undefined property: WP_Ajax_Upgrader_Skin::$api in D:\Website TTCW\app\public\wp-admin\includes\class-theme-upgrader.php on line 160
[18-Aug-2025 15:08:26 UTC] PHP Warning:  Undefined property: WP_Ajax_Upgrader_Skin::$api in D:\Website TTCW\app\public\wp-admin\includes\class-theme-upgrader.php on line 160
[18-Aug-2025 15:47:03 UTC] {"data":null,"error":"Empty domain","success":false}
[21-Aug-2025 09:49:52 UTC] Cron reschedule gebeurtenis fout voor hook: action_scheduler_run_queue, foutcode: invalid_schedule, foutmelding: Gebeurtenis planning bestaat niet., gegevens: {"schedule":"every_minute","args":["WP Cron"],"interval":60}
[23-Aug-2025 12:21:38 UTC] WordPress database error Table 'local.wp_cff_feeds' doesn't exist for query SELECT COUNT(*) FROM wp_cff_feeds made by require_once('wp-admin/admin.php'), require_once('wp-load.php'), require_once('wp-config.php'), require_once('wp-settings.php'), do_action('plugins_loaded'), WP_Hook->do_action, WP_Hook->apply_filters, CustomFacebookFeed\Custom_Facebook_Feed->init, CustomFacebookFeed\Admin\CFF_Callout->__construct, CustomFacebookFeed\Admin\CFF_Callout::get_callout_plugins_list, CustomFacebookFeed\Admin\CFF_Callout::feeds_number
[23-Aug-2025 12:21:38 UTC] WordPress database error Table 'local.wp_cff_feeds' doesn't exist for query SELECT COUNT(*) FROM wp_cff_feeds made by require_once('wp-admin/admin.php'), require_once('wp-load.php'), require_once('wp-config.php'), require_once('wp-settings.php'), do_action('plugins_loaded'), WP_Hook->do_action, WP_Hook->apply_filters, CustomFacebookFeed\Custom_Facebook_Feed->init, CustomFacebookFeed\Admin\CFF_Callout->__construct, CustomFacebookFeed\Admin\CFF_Callout::should_show_callout, CustomFacebookFeed\Admin\CFF_Callout::get_callout_plugins_list, CustomFacebookFeed\Admin\CFF_Callout::feeds_number
[23-Aug-2025 15:18:32 UTC] WordPress database error Table 'local.wp_cff_feeds' doesn't exist for query SELECT COUNT(*) FROM wp_cff_feeds made by require_once('wp-admin/admin.php'), require_once('wp-load.php'), require_once('wp-config.php'), require_once('wp-settings.php'), do_action('plugins_loaded'), WP_Hook->do_action, WP_Hook->apply_filters, CustomFacebookFeed\Custom_Facebook_Feed->init, CustomFacebookFeed\Admin\CFF_Callout->__construct, CustomFacebookFeed\Admin\CFF_Callout::get_callout_plugins_list, CustomFacebookFeed\Admin\CFF_Callout::feeds_number
[23-Aug-2025 15:18:32 UTC] WordPress database error Table 'local.wp_cff_feeds' doesn't exist for query SELECT COUNT(*) FROM wp_cff_feeds made by require_once('wp-admin/admin.php'), require_once('wp-load.php'), require_once('wp-config.php'), require_once('wp-settings.php'), do_action('plugins_loaded'), WP_Hook->do_action, WP_Hook->apply_filters, CustomFacebookFeed\Custom_Facebook_Feed->init, CustomFacebookFeed\Admin\CFF_Callout->__construct, CustomFacebookFeed\Admin\CFF_Callout::should_show_callout, CustomFacebookFeed\Admin\CFF_Callout::get_callout_plugins_list, CustomFacebookFeed\Admin\CFF_Callout::feeds_number
[23-Aug-2025 15:40:03 UTC] PHP Warning:  Undefined array key "" in D:\Website TTCW\app\public\wp-content\plugins\easy-facebook-likebox\facebook\frontend\views\feed.php on line 59
[23-Aug-2025 15:40:03 UTC] PHP Warning:  Trying to access array offset on null in D:\Website TTCW\app\public\wp-content\plugins\easy-facebook-likebox\facebook\frontend\views\feed.php on line 59
[23-Aug-2025 15:40:03 UTC] PHP Warning:  Undefined array key "" in D:\Website TTCW\app\public\wp-content\plugins\easy-facebook-likebox\facebook\frontend\views\feed.php on line 78
[23-Aug-2025 15:40:03 UTC] PHP Warning:  Trying to access array offset on null in D:\Website TTCW\app\public\wp-content\plugins\easy-facebook-likebox\facebook\frontend\views\feed.php on line 79
