[INFO]-[2025/08/18 17:38:53] #################### Start Cloning Job ####################
[info]-[2025/08/18 17:38:53] System Info
[INFO_SUB]-[2025/08/18 17:38:53] - WP Staging Version: 4.2.1
[INFO_SUB]-[2025/08/18 17:38:53] - PHP Version: 8.4.10
[INFO_SUB]-[2025/08/18 17:38:53] - Server: nginx/1.26.1
[INFO_SUB]-[2025/08/18 17:38:53] - MySQL: 8.0.35
[INFO_SUB]-[2025/08/18 17:38:53] - WP Version: 6.8.2
[INFO_SUB]-[2025/08/18 17:38:53] - Host: General
[INFO_SUB]-[2025/08/18 17:38:53] - PHP Memory Limit: 1000 MB
[INFO_SUB]-[2025/08/18 17:38:53] - WP Memory Limit: 40 MB
[INFO_SUB]-[2025/08/18 17:38:53] - PHP Max Execution Time: 0
[info]-[2025/08/18 17:38:53] Activated Plugins
[INFO_SUB]-[2025/08/18 17:38:53] - WP STAGING WordPress Backup Plugin - Backup Duplicator & Migration : 4.2.1
[info]-[2025/08/18 17:38:53] Inactive Plugins
[INFO_SUB]-[2025/08/18 17:38:53] - Akismet Anti-spam: Spam Protection : 5.5
[INFO_SUB]-[2025/08/18 17:38:53] - All-in-One WP Migration and Backup : 7.97
[INFO_SUB]-[2025/08/18 17:38:53] - Contact Form 7 : 6.1.1
[INFO_SUB]-[2025/08/18 17:38:53] - Display PHP Version : 1.8
[INFO_SUB]-[2025/08/18 17:38:53] - Jetpack : 14.9.1
[INFO_SUB]-[2025/08/18 17:38:53] - LiteSpeed Cache : 7.3.0.1
[INFO_SUB]-[2025/08/18 17:38:53] - one.com : 4.4.3
[INFO_SUB]-[2025/08/18 17:38:53] - one.com Maintenance Mode : 2.2.8
[INFO_SUB]-[2025/08/18 17:38:53] - one.com Spam Protection : 1.0.22
[INFO_SUB]-[2025/08/18 17:38:53] - Performance Cache : 3.0.22
[INFO_SUB]-[2025/08/18 17:38:53] - PHP Compatibility Checker : 1.6.3
[INFO_SUB]-[2025/08/18 17:38:53] - WordPress Importer : 0.8.4
[INFO_SUB]-[2025/08/18 17:38:53] - WPForms Lite : 1.9.7.3
[info]-[2025/08/18 17:38:53] Activated Theme
[INFO_SUB]-[2025/08/18 17:38:53] - JetBlack : 1.3
[info]-[2025/08/18 17:38:53] Inactive Themes
[INFO_SUB]-[2025/08/18 17:38:53] - Astra : 4.11.9
[INFO_SUB]-[2025/08/18 17:38:53] - Avantex Construction : 0.0.9
[INFO_SUB]-[2025/08/18 17:38:53] - Avantex : 0.3.3
[INFO_SUB]-[2025/08/18 17:38:53] - Dara : 1.2.1
[INFO_SUB]-[2025/08/18 17:38:53] - Dark Mode for A. : 1.3
[INFO_SUB]-[2025/08/18 17:38:53] - Neom Blog : 0.1.2
[INFO_SUB]-[2025/08/18 17:38:53] - Neom City : 0.0.7
[INFO_SUB]-[2025/08/18 17:38:53] - Neve : 4.1.3
[INFO_SUB]-[2025/08/18 17:38:53] - PressBook Green : 1.2.6
[INFO_SUB]-[2025/08/18 17:38:53] - PressBook : 2.1.4
[INFO_SUB]-[2025/08/18 17:38:53] - Soul Anchor : 1.9.2
[INFO_SUB]-[2025/08/18 17:38:53] - Spexo : 2.0.4
[INFO_SUB]-[2025/08/18 17:38:53] - Twenty Seventeen : 3.9
[INFO]-[2025/08/18 17:38:53] Cloning Settings
[INFO_SUB]-[2025/08/18 17:38:53] Selected Tables : 20
[INFO_SUB]-[2025/08/18 17:38:53] - wp_actionscheduler_actions, wp_actionscheduler_claims
[INFO_SUB]-[2025/08/18 17:38:53] - wp_actionscheduler_groups, wp_actionscheduler_logs
[INFO_SUB]-[2025/08/18 17:38:53] - wp_commentmeta, wp_comments
[INFO_SUB]-[2025/08/18 17:38:53] - wp_links, wp_litespeed_url
[INFO_SUB]-[2025/08/18 17:38:53] - wp_litespeed_url_file, wp_one_vm_log
[INFO_SUB]-[2025/08/18 17:38:53] - wp_options, wp_postmeta
[INFO_SUB]-[2025/08/18 17:38:53] - wp_posts, wp_term_relationships
[INFO_SUB]-[2025/08/18 17:38:53] - wp_term_taxonomy, wp_termmeta
[INFO_SUB]-[2025/08/18 17:38:53] - wp_terms, wp_usermeta
[INFO_SUB]-[2025/08/18 17:38:53] - wp_users, wp_wpforms_tasks_meta
[INFO]-[2025/08/18 17:38:53] Excluded Directories
[INFO_SUB]-[2025/08/18 17:38:53] - wpstg_c_cache
[INFO_SUB]-[2025/08/18 17:38:53] - wpstg_c_wp-staging
[INFO_SUB]-[2025/08/18 17:38:53] - wpstg_c_wp-staging
[INFO]-[2025/08/18 17:38:53] Advanced Settings
[INFO_SUB]-[2025/08/18 17:38:53] - New Admin Account : False
[INFO_SUB]-[2025/08/18 17:38:53] - Email : Not Set
[INFO_SUB]-[2025/08/18 17:38:53] - Password : Not Set
[INFO_SUB]-[2025/08/18 17:38:53] - Database Server : localhost
[INFO_SUB]-[2025/08/18 17:38:53] - Database User : Not Set
[INFO_SUB]-[2025/08/18 17:38:53] - Database Password : Not Set
[INFO_SUB]-[2025/08/18 17:38:53] - Database : Not Set
[INFO_SUB]-[2025/08/18 17:38:53] - Database Prefix: Not Set
[INFO_SUB]-[2025/08/18 17:38:53] - Database SSL: False
[INFO_SUB]-[2025/08/18 17:38:53] - Clone Directory : D:/Website TTCW/app/public/jetblack/
[INFO_SUB]-[2025/08/18 17:38:53] - Clone Host : Not Set
[INFO_SUB]-[2025/08/18 17:38:53] - Symlink Uploads Folder : False
[INFO_SUB]-[2025/08/18 17:38:53] - Auto Update Plugins : False
[INFO_SUB]-[2025/08/18 17:38:53] - Disable WP_CRON : False
[INFO_SUB]-[2025/08/18 17:38:53] - Allow Emails Sending : True
[INFO]-[2025/08/18 17:38:53] Global Settings
[INFO_SUB]-[2025/08/18 17:38:53] - DB Query Limit : 10000
[INFO_SUB]-[2025/08/18 17:38:53] - DB Search & Replace Limit : 20000
[INFO_SUB]-[2025/08/18 17:38:53] - File Copy Limit : 50
[INFO_SUB]-[2025/08/18 17:38:53] - Maximum File Size : 8
[INFO_SUB]-[2025/08/18 17:38:53] - File Copy Batch Size : 2
[INFO_SUB]-[2025/08/18 17:38:53] - Optimizer Active : True
[INFO]-[2025/08/18 17:38:55] DB Copy: Creating table wpstg0_actionscheduler_actions
[INFO]-[2025/08/18 17:38:55] DB Copy: Table wp_actionscheduler_actions contains 15 rows 
[INFO]-[2025/08/18 17:38:55] DB Copy: Copy data from wp_actionscheduler_actions to wpstg0_actionscheduler_actions - 0 to 10000 records
[INFO]-[2025/08/18 17:38:55] DB Copy: Creating table wpstg0_actionscheduler_claims
[INFO]-[2025/08/18 17:38:56] DB Copy: Table wp_actionscheduler_claims contains 0 rows 
[INFO]-[2025/08/18 17:38:56] DB Copy: Creating table wpstg0_actionscheduler_groups
[INFO]-[2025/08/18 17:38:56] DB Copy: Table wp_actionscheduler_groups contains 2 rows 
[INFO]-[2025/08/18 17:38:56] DB Copy: Copy data from wp_actionscheduler_groups to wpstg0_actionscheduler_groups - 0 to 10000 records
[INFO]-[2025/08/18 17:38:56] DB Copy: Creating table wpstg0_actionscheduler_logs
[INFO]-[2025/08/18 17:38:56] DB Copy: Table wp_actionscheduler_logs contains 42 rows 
[INFO]-[2025/08/18 17:38:56] DB Copy: Copy data from wp_actionscheduler_logs to wpstg0_actionscheduler_logs - 0 to 10000 records
[INFO]-[2025/08/18 17:38:56] DB Copy: Creating table wpstg0_commentmeta
[INFO]-[2025/08/18 17:38:56] DB Copy: Table wp_commentmeta contains 0 rows 
[INFO]-[2025/08/18 17:38:56] DB Copy: Creating table wpstg0_comments
[INFO]-[2025/08/18 17:38:56] DB Copy: Table wp_comments contains 202 rows 
[INFO]-[2025/08/18 17:38:56] DB Copy: Copy data from wp_comments to wpstg0_comments - 0 to 10000 records
[INFO]-[2025/08/18 17:38:57] DB Copy: Creating table wpstg0_links
[INFO]-[2025/08/18 17:38:57] DB Copy: Table wp_links contains 0 rows 
[INFO]-[2025/08/18 17:38:57] DB Copy: Creating table wpstg0_litespeed_url
[INFO]-[2025/08/18 17:38:57] DB Copy: Table wp_litespeed_url contains 0 rows 
[INFO]-[2025/08/18 17:38:57] DB Copy: Creating table wpstg0_litespeed_url_file
[INFO]-[2025/08/18 17:38:57] DB Copy: Table wp_litespeed_url_file contains 0 rows 
[INFO]-[2025/08/18 17:38:57] DB Copy: Creating table wpstg0_one_vm_log
[INFO]-[2025/08/18 17:38:57] DB Copy: Table wp_one_vm_log contains 1 rows 
[INFO]-[2025/08/18 17:38:57] DB Copy: Copy data from wp_one_vm_log to wpstg0_one_vm_log - 0 to 10000 records
[INFO]-[2025/08/18 17:38:57] DB Copy: Creating table wpstg0_options
[INFO]-[2025/08/18 17:38:57] DB Copy: Table wp_options contains 648 rows 
[INFO]-[2025/08/18 17:38:57] DB Copy: Copy data from wp_options to wpstg0_options - 0 to 10000 records
[INFO]-[2025/08/18 17:38:58] DB Copy: Creating table wpstg0_postmeta
[INFO]-[2025/08/18 17:38:58] DB Copy: Table wp_postmeta contains 1211 rows 
[INFO]-[2025/08/18 17:38:58] DB Copy: Copy data from wp_postmeta to wpstg0_postmeta - 0 to 10000 records
[INFO]-[2025/08/18 17:38:58] DB Copy: Creating table wpstg0_posts
[INFO]-[2025/08/18 17:38:58] DB Copy: Table wp_posts contains 506 rows 
[INFO]-[2025/08/18 17:38:58] DB Copy: Copy data from wp_posts to wpstg0_posts - 0 to 10000 records
[INFO]-[2025/08/18 17:38:59] DB Copy: Creating table wpstg0_term_relationships
[INFO]-[2025/08/18 17:38:59] DB Copy: Table wp_term_relationships contains 46 rows 
[INFO]-[2025/08/18 17:38:59] DB Copy: Copy data from wp_term_relationships to wpstg0_term_relationships - 0 to 10000 records
[INFO]-[2025/08/18 17:38:59] DB Copy: Creating table wpstg0_term_taxonomy
[INFO]-[2025/08/18 17:38:59] DB Copy: Table wp_term_taxonomy contains 6 rows 
[INFO]-[2025/08/18 17:38:59] DB Copy: Copy data from wp_term_taxonomy to wpstg0_term_taxonomy - 0 to 10000 records
[INFO]-[2025/08/18 17:38:59] DB Copy: Creating table wpstg0_termmeta
[INFO]-[2025/08/18 17:38:59] DB Copy: Table wp_termmeta contains 0 rows 
[INFO]-[2025/08/18 17:38:59] DB Copy: Creating table wpstg0_terms
[INFO]-[2025/08/18 17:38:59] DB Copy: Table wp_terms contains 6 rows 
[INFO]-[2025/08/18 17:38:59] DB Copy: Copy data from wp_terms to wpstg0_terms - 0 to 10000 records
[INFO]-[2025/08/18 17:38:59] DB Copy: Creating table wpstg0_usermeta
[INFO]-[2025/08/18 17:38:59] DB Copy: Table wp_usermeta contains 100 rows 
[INFO]-[2025/08/18 17:38:59] DB Copy: Copy data from wp_usermeta to wpstg0_usermeta - 0 to 10000 records
[INFO]-[2025/08/18 17:38:59] DB Copy: Creating table wpstg0_users
[INFO]-[2025/08/18 17:38:59] DB Copy: Table wp_users contains 4 rows 
[INFO]-[2025/08/18 17:38:59] DB Copy: Copy data from wp_users to wpstg0_users - 0 to 10000 records
[INFO]-[2025/08/18 17:39:02] DB Copy: Creating table wpstg0_wpforms_tasks_meta
[INFO]-[2025/08/18 17:39:02] DB Copy: Table wp_wpforms_tasks_meta contains 8 rows 
[INFO]-[2025/08/18 17:39:02] DB Copy: Copy data from wp_wpforms_tasks_meta to wpstg0_wpforms_tasks_meta - 0 to 10000 records
[INFO]-[2025/08/18 17:39:02] DB Search & Replace:  Table wpstg0_actionscheduler_actions 0 to 20000 records
[INFO]-[2025/08/18 17:39:02] DB Search & Replace:  Table wpstg0_actionscheduler_groups 0 to 20000 records
[INFO]-[2025/08/18 17:39:02] DB Search & Replace:  Table wpstg0_actionscheduler_logs 0 to 20000 records
[INFO]-[2025/08/18 17:39:03] DB Search & Replace:  Table wpstg0_comments 0 to 20000 records
[INFO]-[2025/08/18 17:39:03] DB Search & Replace:  Table wpstg0_one_vm_log 0 to 20000 records
[INFO]-[2025/08/18 17:39:03] DB Search & Replace:  Table wpstg0_options 0 to 20000 records
[INFO]-[2025/08/18 17:39:04] DB Search & Replace:  Table wpstg0_postmeta 0 to 20000 records
[INFO]-[2025/08/18 17:39:04] DB Search & Replace:  Table wpstg0_posts 0 to 20000 records
[INFO]-[2025/08/18 17:39:06] DB Search & Replace:  Table wpstg0_term_relationships 0 to 20000 records
[INFO]-[2025/08/18 17:39:06] DB Search & Replace:  Table wpstg0_term_taxonomy 0 to 20000 records
[INFO]-[2025/08/18 17:39:06] DB Search & Replace:  Table wpstg0_terms 0 to 20000 records
[INFO]-[2025/08/18 17:39:06] DB Search & Replace:  Table wpstg0_usermeta 0 to 20000 records
[INFO]-[2025/08/18 17:39:07] DB Search & Replace:  Table wpstg0_users 0 to 20000 records
[INFO]-[2025/08/18 17:39:07] DB Search & Replace:  Table wpstg0_wpforms_tasks_meta 0 to 20000 records
[INFO]-[2025/08/18 17:39:07] Scanning / and its files
[INFO]-[2025/08/18 17:39:07] Scanning wp-content/plugins/, its sub-directories and files
[INFO]-[2025/08/18 17:39:12] Scanning wp-content/mu-plugins/, its sub-directories and files
[INFO]-[2025/08/18 17:39:12] Scanning wp-content/themes/, its sub-directories and files
[INFO]-[2025/08/18 17:39:13] Scanning wp-content/uploads/, its sub-directories and files
[INFO]-[2025/08/18 17:39:14] Scanning wp-content/ for other directories and files
[INFO]-[2025/08/18 17:39:15] Scanning wp-includes/, its sub-directories and files
[INFO]-[2025/08/18 17:39:15] Scanning wp-admin/, its sub-directories and files
[INFO]-[2025/08/18 17:39:16] Copying files...
[INFO]-[2025/08/18 17:39:16] Total 50 files processed
[INFO]-[2025/08/18 17:39:16] Total 100 files processed
[INFO]-[2025/08/18 17:39:16] Total 150 files processed
[INFO]-[2025/08/18 17:39:17] Total 200 files processed
[INFO]-[2025/08/18 17:39:17] Total 250 files processed
[INFO]-[2025/08/18 17:39:17] Total 300 files processed
[INFO]-[2025/08/18 17:39:17] Total 350 files processed
[INFO]-[2025/08/18 17:39:18] Total 400 files processed
[INFO]-[2025/08/18 17:39:18] Total 450 files processed
[INFO]-[2025/08/18 17:39:18] Total 500 files processed
[INFO]-[2025/08/18 17:39:18] Total 550 files processed
[INFO]-[2025/08/18 17:39:19] Total 600 files processed
[INFO]-[2025/08/18 17:39:19] Total 650 files processed
[INFO]-[2025/08/18 17:39:19] Total 700 files processed
[INFO]-[2025/08/18 17:39:19] Total 750 files processed
[INFO]-[2025/08/18 17:39:20] Total 800 files processed
[INFO]-[2025/08/18 17:39:20] Total 850 files processed
[INFO]-[2025/08/18 17:39:20] Total 900 files processed
[INFO]-[2025/08/18 17:39:20] Total 950 files processed
[INFO]-[2025/08/18 17:39:21] Total 1000 files processed
[INFO]-[2025/08/18 17:39:21] Total 1050 files processed
[INFO]-[2025/08/18 17:39:21] Total 1100 files processed
[INFO]-[2025/08/18 17:39:21] Total 1150 files processed
[INFO]-[2025/08/18 17:39:22] Total 1200 files processed
[INFO]-[2025/08/18 17:39:22] Total 1250 files processed
[INFO]-[2025/08/18 17:39:22] Total 1300 files processed
[INFO]-[2025/08/18 17:39:22] Total 1350 files processed
[INFO]-[2025/08/18 17:39:23] Total 1400 files processed
[INFO]-[2025/08/18 17:39:23] Total 1450 files processed
[INFO]-[2025/08/18 17:39:23] Total 1500 files processed
[INFO]-[2025/08/18 17:39:23] Total 1550 files processed
[INFO]-[2025/08/18 17:39:24] Total 1600 files processed
[INFO]-[2025/08/18 17:39:24] Total 1650 files processed
[INFO]-[2025/08/18 17:39:24] Total 1700 files processed
[INFO]-[2025/08/18 17:39:25] Total 1750 files processed
[INFO]-[2025/08/18 17:39:25] Total 1800 files processed
[INFO]-[2025/08/18 17:39:25] Total 1850 files processed
[INFO]-[2025/08/18 17:39:26] Total 1900 files processed
[INFO]-[2025/08/18 17:39:26] Total 1950 files processed
[INFO]-[2025/08/18 17:39:26] Total 2000 files processed
[INFO]-[2025/08/18 17:39:26] Total 2050 files processed
[INFO]-[2025/08/18 17:39:27] Total 2100 files processed
[INFO]-[2025/08/18 17:39:27] Total 2150 files processed
[INFO]-[2025/08/18 17:39:27] Total 2200 files processed
[INFO]-[2025/08/18 17:39:27] Total 2250 files processed
[INFO]-[2025/08/18 17:39:28] Total 2300 files processed
[INFO]-[2025/08/18 17:39:28] Total 2350 files processed
[INFO]-[2025/08/18 17:39:28] Total 2400 files processed
[INFO]-[2025/08/18 17:39:28] Total 2450 files processed
[INFO]-[2025/08/18 17:39:29] Total 2500 files processed
[INFO]-[2025/08/18 17:39:29] Total 2550 files processed
[INFO]-[2025/08/18 17:39:29] Total 2600 files processed
[INFO]-[2025/08/18 17:39:30] Total 2650 files processed
[INFO]-[2025/08/18 17:39:30] Total 2700 files processed
[INFO]-[2025/08/18 17:39:30] Total 2750 files processed
[INFO]-[2025/08/18 17:39:30] Total 2800 files processed
[INFO]-[2025/08/18 17:39:31] Total 2850 files processed
[INFO]-[2025/08/18 17:39:31] Total 2900 files processed
[INFO]-[2025/08/18 17:39:31] Total 2950 files processed
[INFO]-[2025/08/18 17:39:31] Total 3000 files processed
[INFO]-[2025/08/18 17:39:32] Total 3050 files processed
[INFO]-[2025/08/18 17:39:32] Total 3100 files processed
[INFO]-[2025/08/18 17:39:32] Total 3150 files processed
[INFO]-[2025/08/18 17:39:33] Total 3200 files processed
[INFO]-[2025/08/18 17:39:33] Total 3250 files processed
[INFO]-[2025/08/18 17:39:34] Total 3300 files processed
[INFO]-[2025/08/18 17:39:34] Total 3350 files processed
[INFO]-[2025/08/18 17:39:34] Total 3400 files processed
[INFO]-[2025/08/18 17:39:35] Total 3450 files processed
[INFO]-[2025/08/18 17:39:35] Total 3500 files processed
[INFO]-[2025/08/18 17:39:35] Total 3550 files processed
[INFO]-[2025/08/18 17:39:36] Total 3600 files processed
[INFO]-[2025/08/18 17:39:36] Total 3650 files processed
[INFO]-[2025/08/18 17:39:36] Total 3700 files processed
[INFO]-[2025/08/18 17:39:37] Total 3750 files processed
[INFO]-[2025/08/18 17:39:37] Total 3800 files processed
[INFO]-[2025/08/18 17:39:37] Total 3850 files processed
[INFO]-[2025/08/18 17:39:38] Total 3900 files processed
[INFO]-[2025/08/18 17:39:38] Total 3950 files processed
[INFO]-[2025/08/18 17:39:38] Total 4000 files processed
[INFO]-[2025/08/18 17:39:39] Total 4050 files processed
[INFO]-[2025/08/18 17:39:40] Total 4100 files processed
[INFO]-[2025/08/18 17:39:40] Total 4150 files processed
[INFO]-[2025/08/18 17:39:40] Total 4200 files processed
[INFO]-[2025/08/18 17:39:41] Total 4250 files processed
[INFO]-[2025/08/18 17:39:41] Total 4300 files processed
[INFO]-[2025/08/18 17:39:42] Total 4350 files processed
[INFO]-[2025/08/18 17:39:42] Total 4400 files processed
[INFO]-[2025/08/18 17:39:42] Total 4450 files processed
[INFO]-[2025/08/18 17:39:43] Total 4500 files processed
[INFO]-[2025/08/18 17:39:43] Total 4550 files processed
[INFO]-[2025/08/18 17:39:43] Total 4600 files processed
[INFO]-[2025/08/18 17:39:44] Total 4650 files processed
[INFO]-[2025/08/18 17:39:44] Total 4700 files processed
[INFO]-[2025/08/18 17:39:44] Total 4750 files processed
[INFO]-[2025/08/18 17:39:44] Total 4800 files processed
[INFO]-[2025/08/18 17:39:45] Total 4850 files processed
[INFO]-[2025/08/18 17:39:45] Total 4900 files processed
[INFO]-[2025/08/18 17:39:45] Total 4950 files processed
[INFO]-[2025/08/18 17:39:45] Total 5000 files processed
[INFO]-[2025/08/18 17:39:46] Total 5050 files processed
[INFO]-[2025/08/18 17:39:46] Total 5100 files processed
[INFO]-[2025/08/18 17:39:47] Total 5150 files processed
[INFO]-[2025/08/18 17:39:47] Total 5200 files processed
[INFO]-[2025/08/18 17:39:47] Total 5250 files processed
[INFO]-[2025/08/18 17:39:47] Total 5300 files processed
[INFO]-[2025/08/18 17:39:48] Total 5350 files processed
[INFO]-[2025/08/18 17:39:48] Total 5400 files processed
[INFO]-[2025/08/18 17:39:48] Total 5450 files processed
[INFO]-[2025/08/18 17:39:48] Total 5500 files processed
[INFO]-[2025/08/18 17:39:49] Total 5550 files processed
[INFO]-[2025/08/18 17:39:49] Total 5600 files processed
[INFO]-[2025/08/18 17:39:49] Total 5650 files processed
[INFO]-[2025/08/18 17:39:49] Total 5700 files processed
[INFO]-[2025/08/18 17:39:50] Total 5750 files processed
[INFO]-[2025/08/18 17:39:50] Total 5800 files processed
[INFO]-[2025/08/18 17:39:50] Total 5850 files processed
[INFO]-[2025/08/18 17:39:50] Total 5900 files processed
[INFO]-[2025/08/18 17:39:51] Total 5950 files processed
[INFO]-[2025/08/18 17:39:51] Total 6000 files processed
[INFO]-[2025/08/18 17:39:51] Total 6050 files processed
[INFO]-[2025/08/18 17:39:51] Total 6100 files processed
[INFO]-[2025/08/18 17:39:52] Total 6150 files processed
[INFO]-[2025/08/18 17:39:52] Total 6200 files processed
[INFO]-[2025/08/18 17:39:52] Total 6250 files processed
[INFO]-[2025/08/18 17:39:53] Total 6300 files processed
[INFO]-[2025/08/18 17:39:53] Total 6350 files processed
[INFO]-[2025/08/18 17:39:53] Total 6400 files processed
[INFO]-[2025/08/18 17:39:53] Total 6450 files processed
[INFO]-[2025/08/18 17:39:54] Total 6500 files processed
[INFO]-[2025/08/18 17:39:54] Total 6550 files processed
[INFO]-[2025/08/18 17:39:54] Total 6600 files processed
[INFO]-[2025/08/18 17:39:54] Total 6650 files processed
[INFO]-[2025/08/18 17:39:55] Total 6700 files processed
[INFO]-[2025/08/18 17:39:55] Total 6750 files processed
[INFO]-[2025/08/18 17:39:55] Total 6800 files processed
[INFO]-[2025/08/18 17:39:56] Total 6850 files processed
[INFO]-[2025/08/18 17:39:56] Total 6900 files processed
[INFO]-[2025/08/18 17:39:56] Total 6950 files processed
[INFO]-[2025/08/18 17:39:56] Total 7000 files processed
[INFO]-[2025/08/18 17:39:57] Total 7050 files processed
[INFO]-[2025/08/18 17:39:57] Total 7100 files processed
[INFO]-[2025/08/18 17:39:57] Total 7150 files processed
[INFO]-[2025/08/18 17:39:57] Total 7200 files processed
[INFO]-[2025/08/18 17:39:57] Total 7250 files processed
[INFO]-[2025/08/18 17:39:58] Total 7300 files processed
[INFO]-[2025/08/18 17:39:58] Total 7350 files processed
[INFO]-[2025/08/18 17:39:58] Total 7400 files processed
[INFO]-[2025/08/18 17:39:59] Total 7450 files processed
[INFO]-[2025/08/18 17:39:59] Total 7500 files processed
[INFO]-[2025/08/18 17:39:59] Total 7550 files processed
[INFO]-[2025/08/18 17:39:59] Total 7600 files processed
[INFO]-[2025/08/18 17:40:00] Total 7650 files processed
[INFO]-[2025/08/18 17:40:00] Total 7700 files processed
[INFO]-[2025/08/18 17:40:00] Total 7750 files processed
[INFO]-[2025/08/18 17:40:01] Total 7800 files processed
[INFO]-[2025/08/18 17:40:01] Total 7850 files processed
[INFO]-[2025/08/18 17:40:01] Total 7900 files processed
[INFO]-[2025/08/18 17:40:01] Total 7950 files processed
[INFO]-[2025/08/18 17:40:02] Total 8000 files processed
[INFO]-[2025/08/18 17:40:02] Total 8050 files processed
[INFO]-[2025/08/18 17:40:02] Total 8100 files processed
[INFO]-[2025/08/18 17:40:02] Total 8150 files processed
[INFO]-[2025/08/18 17:40:03] Total 8200 files processed
[INFO]-[2025/08/18 17:40:03] Total 8250 files processed
[INFO]-[2025/08/18 17:40:03] Total 8300 files processed
[INFO]-[2025/08/18 17:40:03] Total 8350 files processed
[INFO]-[2025/08/18 17:40:04] Total 8400 files processed
[INFO]-[2025/08/18 17:40:04] Total 8450 files processed
[INFO]-[2025/08/18 17:40:04] Total 8500 files processed
[INFO]-[2025/08/18 17:40:04] Total 8550 files processed
[INFO]-[2025/08/18 17:40:05] Total 8600 files processed
[INFO]-[2025/08/18 17:40:05] Total 8650 files processed
[INFO]-[2025/08/18 17:40:05] Total 8700 files processed
[INFO]-[2025/08/18 17:40:05] Total 8750 files processed
[INFO]-[2025/08/18 17:40:06] Total 8800 files processed
[INFO]-[2025/08/18 17:40:06] Total 8850 files processed
[INFO]-[2025/08/18 17:40:06] Total 8900 files processed
[INFO]-[2025/08/18 17:40:06] Total 8950 files processed
[INFO]-[2025/08/18 17:40:07] Total 9000 files processed
[INFO]-[2025/08/18 17:40:07] Total 9050 files processed
[INFO]-[2025/08/18 17:40:07] Total 9100 files processed
[INFO]-[2025/08/18 17:40:07] Total 9150 files processed
[INFO]-[2025/08/18 17:40:08] Total 9200 files processed
[INFO]-[2025/08/18 17:40:08] Total 9250 files processed
[INFO]-[2025/08/18 17:40:08] Total 9300 files processed
[INFO]-[2025/08/18 17:40:08] Total 9350 files processed
[INFO]-[2025/08/18 17:40:09] Total 9400 files processed
[INFO]-[2025/08/18 17:40:09] Total 9450 files processed
[INFO]-[2025/08/18 17:40:09] Total 9500 files processed
[INFO]-[2025/08/18 17:40:09] Total 9550 files processed
[INFO]-[2025/08/18 17:40:10] Total 9600 files processed
[INFO]-[2025/08/18 17:40:10] Total 9650 files processed
[INFO]-[2025/08/18 17:40:10] Total 9700 files processed
[INFO]-[2025/08/18 17:40:11] Total 9750 files processed
[INFO]-[2025/08/18 17:40:11] Total 9800 files processed
[INFO]-[2025/08/18 17:40:11] Total 9850 files processed
[INFO]-[2025/08/18 17:40:11] Total 9900 files processed
[INFO]-[2025/08/18 17:40:12] Total 9950 files processed
[INFO]-[2025/08/18 17:40:12] Total 10000 files processed
[INFO]-[2025/08/18 17:40:12] Total 10050 files processed
[INFO]-[2025/08/18 17:40:12] Total 10100 files processed
[INFO]-[2025/08/18 17:40:13] Total 10150 files processed
[INFO]-[2025/08/18 17:40:13] Total 10200 files processed
[INFO]-[2025/08/18 17:40:13] Total 10250 files processed
[INFO]-[2025/08/18 17:40:13] Total 10300 files processed
[INFO]-[2025/08/18 17:40:14] Total 10350 files processed
[INFO]-[2025/08/18 17:40:14] Total 10400 files processed
[INFO]-[2025/08/18 17:40:14] Total 10450 files processed
[INFO]-[2025/08/18 17:40:14] Total 10500 files processed
[INFO]-[2025/08/18 17:40:15] Total 10550 files processed
[INFO]-[2025/08/18 17:40:15] Total 10600 files processed
[INFO]-[2025/08/18 17:40:15] Total 10650 files processed
[INFO]-[2025/08/18 17:40:16] Total 10700 files processed
[INFO]-[2025/08/18 17:40:16] Total 10750 files processed
[INFO]-[2025/08/18 17:40:16] Total 10800 files processed
[INFO]-[2025/08/18 17:40:16] Total 10850 files processed
[INFO]-[2025/08/18 17:40:17] Total 10900 files processed
[INFO]-[2025/08/18 17:40:17] Total 10950 files processed
[INFO]-[2025/08/18 17:40:17] Total 11000 files processed
[INFO]-[2025/08/18 17:40:17] Total 11050 files processed
[INFO]-[2025/08/18 17:40:18] Total 11100 files processed
[INFO]-[2025/08/18 17:40:18] Total 11150 files processed
[INFO]-[2025/08/18 17:40:18] Total 11200 files processed
[INFO]-[2025/08/18 17:40:18] Total 11250 files processed
[INFO]-[2025/08/18 17:40:19] Total 11300 files processed
[INFO]-[2025/08/18 17:40:19] Total 11350 files processed
[INFO]-[2025/08/18 17:40:19] Total 11400 files processed
[INFO]-[2025/08/18 17:40:19] Total 11450 files processed
[INFO]-[2025/08/18 17:40:20] Total 11500 files processed
[INFO]-[2025/08/18 17:40:20] Total 11550 files processed
[INFO]-[2025/08/18 17:40:20] Total 11600 files processed
[INFO]-[2025/08/18 17:40:20] Total 11650 files processed
[INFO]-[2025/08/18 17:40:21] Total 11700 files processed
[INFO]-[2025/08/18 17:40:21] Total 11750 files processed
[INFO]-[2025/08/18 17:40:21] Total 11800 files processed
[INFO]-[2025/08/18 17:40:22] Total 11850 files processed
[INFO]-[2025/08/18 17:40:22] Total 11900 files processed
[INFO]-[2025/08/18 17:40:22] Total 11950 files processed
[INFO]-[2025/08/18 17:40:22] Total 12000 files processed
[INFO]-[2025/08/18 17:40:23] Total 12050 files processed
[INFO]-[2025/08/18 17:40:23] Total 12100 files processed
[INFO]-[2025/08/18 17:40:23] Total 12150 files processed
[INFO]-[2025/08/18 17:40:24] Total 12200 files processed
[INFO]-[2025/08/18 17:40:24] Total 12250 files processed
[INFO]-[2025/08/18 17:40:24] Total 12300 files processed
[INFO]-[2025/08/18 17:40:24] Total 12350 files processed
[INFO]-[2025/08/18 17:40:25] Total 12400 files processed
[INFO]-[2025/08/18 17:40:25] Total 12450 files processed
[INFO]-[2025/08/18 17:40:25] Total 12500 files processed
[INFO]-[2025/08/18 17:40:25] Total 12550 files processed
[INFO]-[2025/08/18 17:40:26] Total 12600 files processed
[INFO]-[2025/08/18 17:40:26] Total 12650 files processed
[INFO]-[2025/08/18 17:40:26] Total 12700 files processed
[INFO]-[2025/08/18 17:40:27] Total 12750 files processed
[INFO]-[2025/08/18 17:40:27] Total 12800 files processed
[INFO]-[2025/08/18 17:40:28] Total 12850 files processed
[INFO]-[2025/08/18 17:40:28] Total 12900 files processed
[INFO]-[2025/08/18 17:40:28] Total 12950 files processed
[INFO]-[2025/08/18 17:40:28] Total 13000 files processed
[INFO]-[2025/08/18 17:40:28] Total 13050 files processed
[INFO]-[2025/08/18 17:40:29] Total 13100 files processed
[INFO]-[2025/08/18 17:40:29] Total 13150 files processed
[INFO]-[2025/08/18 17:40:29] Total 13200 files processed
[INFO]-[2025/08/18 17:40:29] Total 13250 files processed
[INFO]-[2025/08/18 17:40:30] Total 13300 files processed
[INFO]-[2025/08/18 17:40:30] Total 13350 files processed
[INFO]-[2025/08/18 17:40:30] Total 13400 files processed
[INFO]-[2025/08/18 17:40:31] Total 13450 files processed
[INFO]-[2025/08/18 17:40:31] Total 13500 files processed
[INFO]-[2025/08/18 17:40:31] Total 13550 files processed
[INFO]-[2025/08/18 17:40:31] Total 13600 files processed
[INFO]-[2025/08/18 17:40:32] Total 13650 files processed
[INFO]-[2025/08/18 17:40:32] Total 13700 files processed
[INFO]-[2025/08/18 17:40:32] Total 13750 files processed
[INFO]-[2025/08/18 17:40:32] Total 13800 files processed
[INFO]-[2025/08/18 17:40:33] Total 13850 files processed
[INFO]-[2025/08/18 17:40:33] Total 13900 files processed
[INFO]-[2025/08/18 17:40:33] Total 13950 files processed
[INFO]-[2025/08/18 17:40:33] Total 14000 files processed
[INFO]-[2025/08/18 17:40:34] Total 14050 files processed
[INFO]-[2025/08/18 17:40:34] Total 14100 files processed
[INFO]-[2025/08/18 17:40:34] Total 14150 files processed
[INFO]-[2025/08/18 17:40:34] Total 14200 files processed
[INFO]-[2025/08/18 17:40:35] Total 14250 files processed
[INFO]-[2025/08/18 17:40:35] Total 14300 files processed
[INFO]-[2025/08/18 17:40:35] Total 14350 files processed
[INFO]-[2025/08/18 17:40:35] Total 14400 files processed
[INFO]-[2025/08/18 17:40:36] Total 14450 files processed
[INFO]-[2025/08/18 17:40:36] Total 14500 files processed
[INFO]-[2025/08/18 17:40:36] Total 14550 files processed
[INFO]-[2025/08/18 17:40:36] Total 14600 files processed
[INFO]-[2025/08/18 17:40:37] Total 14650 files processed
[INFO]-[2025/08/18 17:40:37] Total 14700 files processed
[INFO]-[2025/08/18 17:40:37] Total 14750 files processed
[INFO]-[2025/08/18 17:40:37] Total 14800 files processed
[INFO]-[2025/08/18 17:40:38] Total 14850 files processed
[INFO]-[2025/08/18 17:40:38] Total 14900 files processed
[INFO]-[2025/08/18 17:40:38] Total 14950 files processed
[INFO]-[2025/08/18 17:40:38] Total 15000 files processed
[INFO]-[2025/08/18 17:40:39] Total 15050 files processed
[INFO]-[2025/08/18 17:40:39] Total 15100 files processed
[INFO]-[2025/08/18 17:40:39] Total 15150 files processed
[INFO]-[2025/08/18 17:40:40] Total 15200 files processed
[INFO]-[2025/08/18 17:40:40] Total 15250 files processed
[INFO]-[2025/08/18 17:40:40] Total 15300 files processed
[INFO]-[2025/08/18 17:40:40] Total 15350 files processed
[INFO]-[2025/08/18 17:40:41] Total 15400 files processed
[INFO]-[2025/08/18 17:40:44] Total 15450 files processed
[INFO]-[2025/08/18 17:40:44] Total 15500 files processed
[INFO]-[2025/08/18 17:40:44] Total 15550 files processed
[INFO]-[2025/08/18 17:40:45] Total 15600 files processed
[INFO]-[2025/08/18 17:40:45] Total 15650 files processed
[INFO]-[2025/08/18 17:40:45] Total 15700 files processed
[INFO]-[2025/08/18 17:40:45] Total 15750 files processed
[INFO]-[2025/08/18 17:40:46] Total 15800 files processed
[INFO]-[2025/08/18 17:40:46] Total 15850 files processed
[INFO]-[2025/08/18 17:40:46] Total 15900 files processed
[INFO]-[2025/08/18 17:40:46] Total 15950 files processed
[INFO]-[2025/08/18 17:40:47] Total 16000 files processed
[INFO]-[2025/08/18 17:40:47] Total 16050 files processed
[INFO]-[2025/08/18 17:40:47] Total 16100 files processed
[INFO]-[2025/08/18 17:40:47] Total 16150 files processed
[INFO]-[2025/08/18 17:40:48] Total 16200 files processed
[INFO]-[2025/08/18 17:40:48] Total 16250 files processed
[INFO]-[2025/08/18 17:40:48] Total 16300 files processed
[INFO]-[2025/08/18 17:40:48] Total 16350 files processed
[INFO]-[2025/08/18 17:40:49] Total 16400 files processed
[INFO]-[2025/08/18 17:40:49] Total 16450 files processed
[INFO]-[2025/08/18 17:40:49] Total 16500 files processed
[INFO]-[2025/08/18 17:40:49] Total 16550 files processed
[INFO]-[2025/08/18 17:40:50] Total 16600 files processed
[INFO]-[2025/08/18 17:40:50] Total 16650 files processed
[INFO]-[2025/08/18 17:40:50] Total 16700 files processed
[INFO]-[2025/08/18 17:40:51] Total 16750 files processed
[INFO]-[2025/08/18 17:40:51] Total 16800 files processed
[INFO]-[2025/08/18 17:40:51] Total 16850 files processed
[INFO]-[2025/08/18 17:40:51] Total 16900 files processed
[INFO]-[2025/08/18 17:40:52] Total 16950 files processed
[INFO]-[2025/08/18 17:40:52] Total 17000 files processed
[INFO]-[2025/08/18 17:40:52] Total 17050 files processed
[INFO]-[2025/08/18 17:40:52] Total 17100 files processed
[INFO]-[2025/08/18 17:40:53] Total 17150 files processed
[INFO]-[2025/08/18 17:40:53] Total 17200 files processed
[INFO]-[2025/08/18 17:40:53] Total 17250 files processed
[INFO]-[2025/08/18 17:40:53] Total 17300 files processed
[INFO]-[2025/08/18 17:40:54] Total 17350 files processed
[INFO]-[2025/08/18 17:40:54] Total 17400 files processed
[INFO]-[2025/08/18 17:40:54] Total 17450 files processed
[INFO]-[2025/08/18 17:40:55] Total 17500 files processed
[INFO]-[2025/08/18 17:40:55] Total 17550 files processed
[INFO]-[2025/08/18 17:40:55] Total 17600 files processed
[INFO]-[2025/08/18 17:40:55] Total 17650 files processed
[INFO]-[2025/08/18 17:40:56] Total 17700 files processed
[INFO]-[2025/08/18 17:40:56] Total 17750 files processed
[INFO]-[2025/08/18 17:40:56] Total 17800 files processed
[INFO]-[2025/08/18 17:40:56] Total 17850 files processed
[INFO]-[2025/08/18 17:40:57] Total 17900 files processed
[INFO]-[2025/08/18 17:40:57] Total 17950 files processed
[INFO]-[2025/08/18 17:40:57] Total 18000 files processed
[INFO]-[2025/08/18 17:40:57] Total 18050 files processed
[INFO]-[2025/08/18 17:40:58] Total 18100 files processed
[INFO]-[2025/08/18 17:40:58] Total 18150 files processed
[INFO]-[2025/08/18 17:40:58] Total 18200 files processed
[INFO]-[2025/08/18 17:40:58] Overgeslagen: symlinking WP uploads map
[INFO]-[2025/08/18 17:40:58] Copying files finished
[INFO]-[2025/08/18 17:40:59] DB Data Step 0: Copy wp-config.php file
[INFO]-[2025/08/18 17:40:59] DB Data Step 0: Skipping: wp-config.php already exists in D:/Website TTCW/app/public/jetblack/wp-config.php
[INFO]-[2025/08/18 17:40:59] DB Data Step 1: Updating siteurl and homeurl in wpstg0_options to http://ttcw-local.local/jetblack
[INFO]-[2025/08/18 17:40:59] DB Data Step 3: Updating db prefix in wpstg0_usermeta.
[INFO]-[2025/08/18 17:40:59] DB Data Step 4: Updating table_prefix in D:/Website TTCW/app/public/jetblack/wp-config.php to wpstg0_
[INFO]-[2025/08/18 17:40:59] DB Data Step 5: WP installation is not in a subdirectory! Skipping this step
[INFO]-[2025/08/18 17:40:59] DB Data Step 6: Updating db prefix in wpstg0_options.
[INFO]-[2025/08/18 17:40:59] DB Data Step 7: Updating constants in wp-config.php
[INFO]-[2025/08/18 17:40:59] DB Data Step 7: Added constant: WP_LANG_DIR
[INFO]-[2025/08/18 17:40:59] DB Data Step 7: Added constant: WP_HOME
[INFO]-[2025/08/18 17:40:59] DB Data Step 7: Added constant: WP_SITEURL
[INFO]-[2025/08/18 17:40:59] DB Data Step 7: Added constant: WP_CACHE
[INFO]-[2025/08/18 17:40:59] DB Data Step 7: Added constant: DISABLE_WP_CRON
[INFO]-[2025/08/18 17:40:59] DB Data Step 7: Updated: WP_ENVIRONMENT_TYPE
[INFO]-[2025/08/18 17:40:59] DB Data Step 7: Added constant: WP_DEVELOPMENT_MODE
[INFO]-[2025/08/18 17:40:59] DB Data Step 7: Added constant: WPSTAGING_DEV_SITE
[INFO]-[2025/08/18 17:40:59] DB Data Step 7: Added constant: UPLOADS
[INFO]-[2025/08/18 17:40:59] DB Data Step 7: Added constant: WP_PLUGIN_DIR
[INFO]-[2025/08/18 17:40:59] DB Data Step 7: Added constant: WP_PLUGIN_URL
[INFO]-[2025/08/18 17:40:59] DB Data Step 7: Updated: WP_DEBUG
[INFO]-[2025/08/18 17:40:59] DB Data Step 7: Added constant: WP_DEBUG_LOG
[INFO]-[2025/08/18 17:40:59] DB Data Step 7: Added constant: WP_DEBUG_DISPLAY
[INFO]-[2025/08/18 17:40:59] DB Data Step 7: Skipping: WP_ALLOW_MULTISITE not defined in wp-config.php.
[INFO]-[2025/08/18 17:40:59] DB Data Step 7: Skipping: MULTISITE not defined in wp-config.php.
[INFO]-[2025/08/18 17:41:00] Finish: Deleting clone job's cache files...
[INFO]-[2025/08/18 17:41:00] Finish: Clone job's cache files have been deleted!
[INFO]-[2025/08/18 17:41:00] Finish: Verifying existing clones...
[INFO]-[2025/08/18 17:41:00] Finish: The job finished!
[info]-[2025/08/18 17:41:00] ################## FINISH ##################
